<?xml version="1.0" encoding="UTF-8"?>
<coverage generated="1750362232014" clover="3.2.0">
  <project timestamp="1750362232014" name="All files">
    <metrics statements="43" coveredstatements="28" conditionals="26" coveredconditionals="11" methods="10" coveredmethods="7" elements="79" coveredelements="46" complexity="0" loc="43" ncloc="43" packages="1" files="1" classes="1"/>
    <file name="containerService.ts" path="/Users/ihusar/Documents/Projects/components/ui-generation/demo/frontend/src/api/containerService.ts">
      <metrics statements="43" coveredstatements="28" conditionals="26" coveredconditionals="11" methods="10" coveredmethods="7"/>
      <line num="9" count="2" type="stmt"/>
      <line num="13" count="8" type="stmt"/>
      <line num="17" count="2" type="stmt"/>
      <line num="18" count="2" type="cond" truecount="0" falsecount="1"/>
      <line num="19" count="0" type="stmt"/>
      <line num="20" count="0" type="stmt"/>
      <line num="28" count="2" type="stmt"/>
      <line num="29" count="2" type="stmt"/>
      <line num="31" count="0" type="stmt"/>
      <line num="41" count="6" type="stmt"/>
      <line num="43" count="6" type="cond" truecount="1" falsecount="0"/>
      <line num="44" count="6" type="cond" truecount="1" falsecount="0"/>
      <line num="45" count="6" type="cond" truecount="1" falsecount="0"/>
      <line num="46" count="6" type="cond" truecount="1" falsecount="0"/>
      <line num="47" count="6" type="cond" truecount="0" falsecount="1"/>
      <line num="48" count="6" type="cond" truecount="1" falsecount="0"/>
      <line num="50" count="6" type="stmt"/>
      <line num="53" count="6" type="cond" truecount="1" falsecount="0"/>
      <line num="54" count="6" type="stmt"/>
      <line num="55" count="6" type="cond" truecount="2" falsecount="0"/>
      <line num="57" count="6" type="stmt"/>
      <line num="58" count="6" type="stmt"/>
      <line num="65" count="2" type="stmt"/>
      <line num="67" count="4" type="stmt"/>
      <line num="77" count="1" type="stmt"/>
      <line num="78" count="1" type="stmt"/>
      <line num="85" count="0" type="stmt"/>
      <line num="87" count="1" type="stmt"/>
      <line num="97" count="2" type="stmt"/>
      <line num="98" count="2" type="stmt"/>
      <line num="106" count="0" type="stmt"/>
      <line num="108" count="2" type="stmt"/>
      <line num="118" count="0" type="stmt"/>
      <line num="119" count="0" type="stmt"/>
      <line num="127" count="0" type="stmt"/>
      <line num="129" count="0" type="stmt"/>
      <line num="139" count="0" type="stmt"/>
      <line num="140" count="0" type="stmt"/>
      <line num="147" count="0" type="cond" truecount="0" falsecount="1"/>
      <line num="148" count="0" type="stmt"/>
      <line num="151" count="0" type="stmt"/>
      <line num="153" count="0" type="stmt"/>
      <line num="164" count="2" type="stmt"/>
    </file>
  </project>
</coverage>
