{"/Users/ihusar/Documents/Projects/components/ui-generation/demo/frontend/src/api/containerService.ts": {"path":"/Users/ihusar/Documents/Projects/components/ui-generation/demo/frontend/src/api/containerService.ts","statementMap":{"0":{"start":{"line":13,"column":4},"end":{"line":13,"column":27}},"1":{"start":{"line":17,"column":4},"end":{"line":37,"column":5}},"2":{"start":{"line":18,"column":6},"end":{"line":26,"column":7}},"3":{"start":{"line":19,"column":26},"end":{"line":19,"column":90}},"4":{"start":{"line":19,"column":61},"end":{"line":19,"column":88}},"5":{"start":{"line":20,"column":8},"end":{"line":25,"column":10}},"6":{"start":{"line":28,"column":19},"end":{"line":28,"column":40}},"7":{"start":{"line":29,"column":6},"end":{"line":29,"column":22}},"8":{"start":{"line":31,"column":6},"end":{"line":36,"column":8}},"9":{"start":{"line":41,"column":19},"end":{"line":41,"column":40}},"10":{"start":{"line":43,"column":4},"end":{"line":43,"column":64}},"11":{"start":{"line":43,"column":24},"end":{"line":43,"column":64}},"12":{"start":{"line":44,"column":4},"end":{"line":44,"column":58}},"13":{"start":{"line":44,"column":22},"end":{"line":44,"column":58}},"14":{"start":{"line":45,"column":4},"end":{"line":45,"column":64}},"15":{"start":{"line":45,"column":24},"end":{"line":45,"column":64}},"16":{"start":{"line":46,"column":4},"end":{"line":46,"column":67}},"17":{"start":{"line":46,"column":25},"end":{"line":46,"column":67}},"18":{"start":{"line":47,"column":4},"end":{"line":47,"column":64}},"19":{"start":{"line":47,"column":24},"end":{"line":47,"column":64}},"20":{"start":{"line":48,"column":4},"end":{"line":48,"column":101}},"21":{"start":{"line":48,"column":42},"end":{"line":48,"column":101}},"22":{"start":{"line":50,"column":4},"end":{"line":50,"column":29}},"23":{"start":{"line":53,"column":23},"end":{"line":74,"column":null}},"24":{"start":{"line":54,"column":24},"end":{"line":54,"column":54}},"25":{"start":{"line":55,"column":16},"end":{"line":55,"column":104}},"26":{"start":{"line":57,"column":4},"end":{"line":73,"column":5}},"27":{"start":{"line":58,"column":23},"end":{"line":63,"column":8}},"28":{"start":{"line":65,"column":6},"end":{"line":65,"column":56}},"29":{"start":{"line":67,"column":6},"end":{"line":72,"column":8}},"30":{"start":{"line":77,"column":4},"end":{"line":93,"column":5}},"31":{"start":{"line":78,"column":23},"end":{"line":83,"column":8}},"32":{"start":{"line":85,"column":6},"end":{"line":85,"column":54}},"33":{"start":{"line":87,"column":6},"end":{"line":92,"column":8}},"34":{"start":{"line":97,"column":4},"end":{"line":114,"column":5}},"35":{"start":{"line":98,"column":23},"end":{"line":104,"column":8}},"36":{"start":{"line":106,"column":6},"end":{"line":106,"column":54}},"37":{"start":{"line":108,"column":6},"end":{"line":113,"column":8}},"38":{"start":{"line":118,"column":4},"end":{"line":135,"column":5}},"39":{"start":{"line":119,"column":23},"end":{"line":125,"column":8}},"40":{"start":{"line":127,"column":6},"end":{"line":127,"column":54}},"41":{"start":{"line":129,"column":6},"end":{"line":134,"column":8}},"42":{"start":{"line":139,"column":4},"end":{"line":159,"column":5}},"43":{"start":{"line":140,"column":23},"end":{"line":145,"column":8}},"44":{"start":{"line":147,"column":6},"end":{"line":149,"column":7}},"45":{"start":{"line":148,"column":8},"end":{"line":148,"column":35}},"46":{"start":{"line":151,"column":6},"end":{"line":151,"column":49}},"47":{"start":{"line":153,"column":6},"end":{"line":158,"column":8}},"48":{"start":{"line":9,"column":0},"end":{"line":9,"column":13}},"49":{"start":{"line":164,"column":13},"end":{"line":164,"column":61}}},"fnMap":{"0":{"name":"(anonymous_7)","decl":{"start":{"line":12,"column":2},"end":{"line":12,"column":14}},"loc":{"start":{"line":12,"column":38},"end":{"line":14,"column":3}}},"1":{"name":"(anonymous_8)","decl":{"start":{"line":16,"column":16},"end":{"line":16,"column":30}},"loc":{"start":{"line":16,"column":52},"end":{"line":38,"column":null}}},"2":{"name":"(anonymous_10)","decl":{"start":{"line":19,"column":54},"end":{"line":19,"column":57}},"loc":{"start":{"line":19,"column":61},"end":{"line":19,"column":88}}},"3":{"name":"(anonymous_11)","decl":{"start":{"line":40,"column":10},"end":{"line":40,"column":26}},"loc":{"start":{"line":40,"column":59},"end":{"line":51,"column":3}}},"4":{"name":"(anonymous_12)","decl":{"start":{"line":53,"column":8},"end":{"line":53,"column":22}},"loc":{"start":{"line":53,"column":22},"end":{"line":74,"column":null}}},"5":{"name":"(anonymous_13)","decl":{"start":{"line":53,"column":23},"end":{"line":53,"column":58}},"loc":{"start":{"line":53,"column":60},"end":{"line":74,"column":3}}},"6":{"name":"(anonymous_14)","decl":{"start":{"line":76,"column":8},"end":{"line":76,"column":20}},"loc":{"start":{"line":76,"column":31},"end":{"line":94,"column":null}}},"7":{"name":"(anonymous_16)","decl":{"start":{"line":96,"column":8},"end":{"line":96,"column":23}},"loc":{"start":{"line":96,"column":57},"end":{"line":115,"column":null}}},"8":{"name":"(anonymous_18)","decl":{"start":{"line":117,"column":8},"end":{"line":117,"column":23}},"loc":{"start":{"line":117,"column":67},"end":{"line":136,"column":null}}},"9":{"name":"(anonymous_20)","decl":{"start":{"line":138,"column":8},"end":{"line":138,"column":23}},"loc":{"start":{"line":138,"column":34},"end":{"line":160,"column":null}}}},"branchMap":{"0":{"loc":{"start":{"line":12,"column":14},"end":{"line":12,"column":38}},"type":"default-arg","locations":[{"start":{"line":12,"column":32},"end":{"line":12,"column":38}}]},"1":{"loc":{"start":{"line":18,"column":6},"end":{"line":26,"column":7}},"type":"if","locations":[{"start":{"line":18,"column":6},"end":{"line":26,"column":7}}]},"2":{"loc":{"start":{"line":22,"column":20},"end":{"line":22,"column":65}},"type":"binary-expr","locations":[{"start":{"line":22,"column":20},"end":{"line":22,"column":36}},{"start":{"line":22,"column":40},"end":{"line":22,"column":65}}]},"3":{"loc":{"start":{"line":33,"column":18},"end":{"line":33,"column":74}},"type":"cond-expr","locations":[{"start":{"line":33,"column":43},"end":{"line":33,"column":56}},{"start":{"line":33,"column":59},"end":{"line":33,"column":74}}]},"4":{"loc":{"start":{"line":43,"column":4},"end":{"line":43,"column":64}},"type":"if","locations":[{"start":{"line":43,"column":4},"end":{"line":43,"column":64}}]},"5":{"loc":{"start":{"line":44,"column":4},"end":{"line":44,"column":58}},"type":"if","locations":[{"start":{"line":44,"column":4},"end":{"line":44,"column":58}}]},"6":{"loc":{"start":{"line":45,"column":4},"end":{"line":45,"column":64}},"type":"if","locations":[{"start":{"line":45,"column":4},"end":{"line":45,"column":64}}]},"7":{"loc":{"start":{"line":46,"column":4},"end":{"line":46,"column":67}},"type":"if","locations":[{"start":{"line":46,"column":4},"end":{"line":46,"column":67}}]},"8":{"loc":{"start":{"line":47,"column":4},"end":{"line":47,"column":64}},"type":"if","locations":[{"start":{"line":47,"column":4},"end":{"line":47,"column":64}}]},"9":{"loc":{"start":{"line":48,"column":4},"end":{"line":48,"column":101}},"type":"if","locations":[{"start":{"line":48,"column":4},"end":{"line":48,"column":101}}]},"10":{"loc":{"start":{"line":53,"column":23},"end":{"line":53,"column":60}},"type":"default-arg","locations":[{"start":{"line":53,"column":58},"end":{"line":53,"column":60}}]},"11":{"loc":{"start":{"line":55,"column":16},"end":{"line":55,"column":104}},"type":"cond-expr","locations":[{"start":{"line":55,"column":30},"end":{"line":55,"column":73}},{"start":{"line":55,"column":76},"end":{"line":55,"column":104}}]},"12":{"loc":{"start":{"line":69,"column":18},"end":{"line":69,"column":74}},"type":"cond-expr","locations":[{"start":{"line":69,"column":43},"end":{"line":69,"column":56}},{"start":{"line":69,"column":59},"end":{"line":69,"column":74}}]},"13":{"loc":{"start":{"line":89,"column":18},"end":{"line":89,"column":74}},"type":"cond-expr","locations":[{"start":{"line":89,"column":43},"end":{"line":89,"column":56}},{"start":{"line":89,"column":59},"end":{"line":89,"column":74}}]},"14":{"loc":{"start":{"line":110,"column":18},"end":{"line":110,"column":74}},"type":"cond-expr","locations":[{"start":{"line":110,"column":43},"end":{"line":110,"column":56}},{"start":{"line":110,"column":59},"end":{"line":110,"column":74}}]},"15":{"loc":{"start":{"line":131,"column":18},"end":{"line":131,"column":74}},"type":"cond-expr","locations":[{"start":{"line":131,"column":43},"end":{"line":131,"column":56}},{"start":{"line":131,"column":59},"end":{"line":131,"column":74}}]},"16":{"loc":{"start":{"line":147,"column":6},"end":{"line":149,"column":7}},"type":"if","locations":[{"start":{"line":147,"column":6},"end":{"line":149,"column":7}}]},"17":{"loc":{"start":{"line":155,"column":18},"end":{"line":155,"column":74}},"type":"cond-expr","locations":[{"start":{"line":155,"column":43},"end":{"line":155,"column":56}},{"start":{"line":155,"column":59},"end":{"line":155,"column":74}}]}},"s":{"0":8,"1":2,"2":2,"3":0,"4":0,"5":0,"6":2,"7":2,"8":0,"9":6,"10":6,"11":2,"12":6,"13":2,"14":6,"15":1,"16":6,"17":1,"18":6,"19":0,"20":6,"21":1,"22":6,"23":6,"24":6,"25":6,"26":6,"27":6,"28":2,"29":4,"30":1,"31":1,"32":0,"33":1,"34":2,"35":2,"36":0,"37":2,"38":0,"39":0,"40":0,"41":0,"42":0,"43":0,"44":0,"45":0,"46":0,"47":0,"48":2,"49":2},"f":{"0":8,"1":2,"2":0,"3":6,"4":6,"5":6,"6":1,"7":2,"8":0,"9":0},"b":{"0":[0],"1":[0],"2":[0,0],"3":[0,0],"4":[2],"5":[2],"6":[1],"7":[1],"8":[0],"9":[1],"10":[3],"11":[3,3],"12":[4,0],"13":[1,0],"14":[2,0],"15":[0,0],"16":[0],"17":[0,0]}}
}
