TN:
SF:src/api/containerService.ts
FN:12,(anonymous_7)
FN:16,(anonymous_8)
FN:19,(anonymous_10)
FN:40,(anonymous_11)
FN:53,(anonymous_12)
FN:53,(anonymous_13)
FN:76,(anonymous_14)
FN:96,(anonymous_16)
FN:117,(anonymous_18)
FN:138,(anonymous_20)
FNF:10
FNH:7
FNDA:8,(anonymous_7)
FNDA:2,(anonymous_8)
FNDA:0,(anonymous_10)
FNDA:6,(anonymous_11)
FNDA:6,(anonymous_12)
FNDA:6,(anonymous_13)
FNDA:1,(anonymous_14)
FNDA:2,(anonymous_16)
FNDA:0,(anonymous_18)
FNDA:0,(anonymous_20)
DA:9,2
DA:13,8
DA:17,2
DA:18,2
DA:19,0
DA:20,0
DA:28,2
DA:29,2
DA:31,0
DA:41,6
DA:43,6
DA:44,6
DA:45,6
DA:46,6
DA:47,6
DA:48,6
DA:50,6
DA:53,6
DA:54,6
DA:55,6
DA:57,6
DA:58,6
DA:65,2
DA:67,4
DA:77,1
DA:78,1
DA:85,0
DA:87,1
DA:97,2
DA:98,2
DA:106,0
DA:108,2
DA:118,0
DA:119,0
DA:127,0
DA:129,0
DA:139,0
DA:140,0
DA:147,0
DA:148,0
DA:151,0
DA:153,0
DA:164,2
LF:43
LH:28
BRDA:12,0,0,0
BRDA:18,1,0,0
BRDA:22,2,0,0
BRDA:22,2,1,0
BRDA:33,3,0,0
BRDA:33,3,1,0
BRDA:43,4,0,2
BRDA:44,5,0,2
BRDA:45,6,0,1
BRDA:46,7,0,1
BRDA:47,8,0,0
BRDA:48,9,0,1
BRDA:53,10,0,3
BRDA:55,11,0,3
BRDA:55,11,1,3
BRDA:69,12,0,4
BRDA:69,12,1,0
BRDA:89,13,0,1
BRDA:89,13,1,0
BRDA:110,14,0,2
BRDA:110,14,1,0
BRDA:131,15,0,0
BRDA:131,15,1,0
BRDA:147,16,0,0
BRDA:155,17,0,0
BRDA:155,17,1,0
BRF:26
BRH:11
end_of_record
